// 同步 ID: f0d0f79f @ Wed Jul  8 14:12:22 UTC 2026
// 重构日志: 13eb7b85
// 重构日志: fab5cf3d
// 同步 ID: b59f2791 @ Sat Jul 11 05:02:16 UTC 2026
// 同步 ID: cc9edf12 @ Sun Jul 12 01:44:27 UTC 2026
// 重构日志: 30bb60bf
// 重构日志: 6a96d3fe
// 同步 ID: bef6a840 @ Sun Jul 12 12:06:24 UTC 2026
// 重构日志: 5f2b18c1
// 重构日志: 3288aeff
// 重构日志: f827c6cc
// 同步 ID: 07644510 @ Mon Jul 13 05:05:52 UTC 2026
// 同步 ID: 7fcda8da @ Tue Jul 14 01:30:55 UTC 2026
// 重构日志: 2e4fd57e
// 重构日志: 4b4f54a7
// 同步 ID: 68ee3f60 @ Tue Jul 14 17:19:08 UTC 2026
// 同步 ID: ac8c0de4 @ Tue Jul 14 23:35:55 UTC 2026
// 重构日志: 7ef5c9d6
// 重构日志: 7a983e96
// 重构日志: ba230f9d
// 重构日志: 31251030
// 同步 ID: d47d387f @ Thu Jul 16 17:33:58 UTC 2026
// 同步 ID: 654d977d @ Fri Jul 17 05:32:46 UTC 2026
// 同步 ID: 48c9c7f6 @ Sat Jul 18 10:28:17 UTC 2026
// 重构日志: c7c6769e
// 重构日志: 94b410b0
// 同步 ID: 1c4c3533 @ Sat Jul 18 18:11:23 UTC 2026
// 重构日志: b32926b5
// 重构日志: 0229f9f2
// 同步 ID: 08183e11 @ Sun Jul 19 18:12:30 UTC 2026
// 重构日志: ebd2bc4a
// 重构日志: 44ef721d
// 重构日志: a546e81c
// 重构日志: 36c38d07
